<?xml version="1.0" encoding="utf-8"?>
<coverage line-rate="0.9814" branch-rate="1" version="1.9" timestamp="1640201193" lines-covered="53" lines-valid="54" branches-covered="4" branches-valid="4">
  <sources>
    <source>C:\Users\desar\</source>
  </sources>
  <packages>
    <package name="Cifrado.MSTest" line-rate="0.9473" branch-rate="1" complexity="4">
      <classes>
        <class name="AutoGeneratedProgram" filename=".nuget\packages\microsoft.net.test.sdk\16.9.4\build\netcoreapp2.1\Microsoft.NET.Test.Sdk.Program.cs" line-rate="0" branch-rate="1" complexity="1">
          <methods>
            <method name="Main" signature="(System.String[])" line-rate="0" branch-rate="1" complexity="1">
              <lines>
                <line number="4" hits="0" branch="False" />
              </lines>
            </method>
          </methods>
          <lines>
            <line number="4" hits="0" branch="False" />
          </lines>
        </class>
        <class name="Cifrado.MSTest.TestsCifrador" filename="source\repos\Cifrador\Cifrado.MSTest\TestsCifrador.cs" line-rate="1" branch-rate="1" complexity="3">
          <methods>
            <method name="CifrarLetra" signature="()" line-rate="1" branch-rate="1" complexity="1">
              <lines>
                <line number="15" hits="1" branch="False" />
                <line number="16" hits="1" branch="False" />
                <line number="17" hits="1" branch="False" />
                <line number="18" hits="1" branch="False" />
                <line number="19" hits="1" branch="False" />
              </lines>
            </method>
            <method name="CifrarPalabra" signature="()" line-rate="1" branch-rate="1" complexity="1">
              <lines>
                <line number="23" hits="1" branch="False" />
                <line number="24" hits="1" branch="False" />
                <line number="25" hits="1" branch="False" />
                <line number="26" hits="1" branch="False" />
                <line number="27" hits="1" branch="False" />
                <line number="28" hits="1" branch="False" />
              </lines>
            </method>
            <method name="CifrarFrase" signature="()" line-rate="1" branch-rate="1" complexity="1">
              <lines>
                <line number="32" hits="1" branch="False" />
                <line number="33" hits="1" branch="False" />
                <line number="34" hits="1" branch="False" />
                <line number="35" hits="1" branch="False" />
                <line number="36" hits="1" branch="False" />
                <line number="37" hits="1" branch="False" />
                <line number="38" hits="1" branch="False" />
              </lines>
            </method>
          </methods>
          <lines>
            <line number="15" hits="1" branch="False" />
            <line number="16" hits="1" branch="False" />
            <line number="17" hits="1" branch="False" />
            <line number="18" hits="1" branch="False" />
            <line number="19" hits="1" branch="False" />
            <line number="23" hits="1" branch="False" />
            <line number="24" hits="1" branch="False" />
            <line number="25" hits="1" branch="False" />
            <line number="26" hits="1" branch="False" />
            <line number="27" hits="1" branch="False" />
            <line number="28" hits="1" branch="False" />
            <line number="32" hits="1" branch="False" />
            <line number="33" hits="1" branch="False" />
            <line number="34" hits="1" branch="False" />
            <line number="35" hits="1" branch="False" />
            <line number="36" hits="1" branch="False" />
            <line number="37" hits="1" branch="False" />
            <line number="38" hits="1" branch="False" />
          </lines>
        </class>
      </classes>
    </package>
    <package name="Cifrador.Application" line-rate="1" branch-rate="1" complexity="5">
      <classes>
        <class name="Cifrador.Application.ApplicationService.CifrarFraseApplicationService" filename="source\repos\Cifrador\Cifrador.Application\ApplicationService\CifrarFraseApplicationService.cs" line-rate="1" branch-rate="1" complexity="5">
          <methods>
            <method name="CifrarFrase" signature="(System.String)" line-rate="1" branch-rate="1" complexity="2">
              <lines>
                <line number="20" hits="1" branch="False" />
                <line number="21" hits="1" branch="False" />
                <line number="22" hits="1" branch="False" />
                <line number="23" hits="17" branch="True" condition-coverage="100% (2/2)">
                  <conditions>
                    <condition number="67" type="jump" coverage="100%" />
                  </conditions>
                </line>
                <line number="24" hits="7" branch="False" />
                <line number="25" hits="7" branch="False" />
                <line number="26" hits="7" branch="False" />
                <line number="27" hits="1" branch="False" />
                <line number="28" hits="1" branch="False" />
              </lines>
            </method>
            <method name="CifrarPalabra" signature="(System.String)" line-rate="1" branch-rate="1" complexity="2">
              <lines>
                <line number="31" hits="8" branch="False" />
                <line number="32" hits="8" branch="False" />
                <line number="33" hits="100" branch="True" condition-coverage="100% (2/2)">
                  <conditions>
                    <condition number="70" type="jump" coverage="100%" />
                  </conditions>
                </line>
                <line number="34" hits="38" branch="False" />
                <line number="35" hits="38" branch="False" />
                <line number="36" hits="38" branch="False" />
                <line number="37" hits="8" branch="False" />
                <line number="38" hits="8" branch="False" />
              </lines>
            </method>
            <method name=".ctor" signature="(Cifrador.Domain.Repository.IRepository`2&lt;Cifrador.Domain.Entity.LetraCifrada,System.String&gt;)" line-rate="1" branch-rate="1" complexity="1">
              <lines>
                <line number="14" hits="2" branch="False" />
                <line number="15" hits="2" branch="False" />
                <line number="16" hits="2" branch="False" />
                <line number="17" hits="2" branch="False" />
              </lines>
            </method>
          </methods>
          <lines>
            <line number="20" hits="1" branch="False" />
            <line number="21" hits="1" branch="False" />
            <line number="22" hits="1" branch="False" />
            <line number="23" hits="17" branch="True" condition-coverage="100% (2/2)">
              <conditions>
                <condition number="67" type="jump" coverage="100%" />
              </conditions>
            </line>
            <line number="24" hits="7" branch="False" />
            <line number="25" hits="7" branch="False" />
            <line number="26" hits="7" branch="False" />
            <line number="27" hits="1" branch="False" />
            <line number="28" hits="1" branch="False" />
            <line number="31" hits="8" branch="False" />
            <line number="32" hits="8" branch="False" />
            <line number="33" hits="100" branch="True" condition-coverage="100% (2/2)">
              <conditions>
                <condition number="70" type="jump" coverage="100%" />
              </conditions>
            </line>
            <line number="34" hits="38" branch="False" />
            <line number="35" hits="38" branch="False" />
            <line number="36" hits="38" branch="False" />
            <line number="37" hits="8" branch="False" />
            <line number="38" hits="8" branch="False" />
            <line number="14" hits="2" branch="False" />
            <line number="15" hits="2" branch="False" />
            <line number="16" hits="2" branch="False" />
            <line number="17" hits="2" branch="False" />
          </lines>
        </class>
      </classes>
    </package>
    <package name="Cifrador.Domain" line-rate="1" branch-rate="1" complexity="2">
      <classes>
        <class name="Cifrador.Domain.Entity.Entity`1" filename="source\repos\Cifrador\Cifrador.Domain\Entities\Entity.cs" line-rate="1" branch-rate="1" complexity="1">
          <methods>
            <method name="get_Id" signature="()" line-rate="1" branch-rate="1" complexity="1">
              <lines>
                <line number="9" hits="509" branch="False" />
              </lines>
            </method>
          </methods>
          <lines>
            <line number="9" hits="509" branch="False" />
          </lines>
        </class>
        <class name="Cifrador.Domain.Entity.LetraCifrada" filename="source\repos\Cifrador\Cifrador.Domain\Entities\LetraCifrada.cs" line-rate="1" branch-rate="1" complexity="1">
          <methods>
            <method name="get_Marciano" signature="()" line-rate="1" branch-rate="1" complexity="1">
              <lines>
                <line number="9" hits="117" branch="False" />
              </lines>
            </method>
          </methods>
          <lines>
            <line number="9" hits="117" branch="False" />
          </lines>
        </class>
      </classes>
    </package>
    <package name="Cifrador.Infrastructure" line-rate="1" branch-rate="1" complexity="3">
      <classes>
        <class name="Cifrador.Infrastructure.Implementation.MongoRepository`2" filename="source\repos\Cifrador\Cifrador.Infrastructure\Implementation\MongoRepository.cs" line-rate="1" branch-rate="1" complexity="3">
          <methods>
            <method name="FindById" signature="(System.String)" line-rate="1" branch-rate="1" complexity="1">
              <lines>
                <line number="29" hits="39" branch="False" />
                <line number="30" hits="470" branch="False" />
                <line number="31" hits="39" branch="False" />
              </lines>
            </method>
            <method name="InitialCharge" signature="()" line-rate="1" branch-rate="1" complexity="1">
              <lines>
                <line number="35" hits="3" branch="False" />
                <line number="36" hits="3" branch="False" />
                <line number="37" hits="3" branch="False" />
              </lines>
            </method>
            <method name=".ctor" signature="(System.String,System.String)" line-rate="1" branch-rate="1" complexity="1">
              <lines>
                <line number="20" hits="3" branch="False" />
                <line number="22" hits="3" branch="False" />
                <line number="23" hits="3" branch="False" />
                <line number="24" hits="3" branch="False" />
                <line number="25" hits="3" branch="False" />
                <line number="26" hits="3" branch="False" />
              </lines>
            </method>
          </methods>
          <lines>
            <line number="29" hits="39" branch="False" />
            <line number="30" hits="470" branch="False" />
            <line number="31" hits="39" branch="False" />
            <line number="35" hits="3" branch="False" />
            <line number="36" hits="3" branch="False" />
            <line number="37" hits="3" branch="False" />
            <line number="20" hits="3" branch="False" />
            <line number="22" hits="3" branch="False" />
            <line number="23" hits="3" branch="False" />
            <line number="24" hits="3" branch="False" />
            <line number="25" hits="3" branch="False" />
            <line number="26" hits="3" branch="False" />
          </lines>
        </class>
      </classes>
    </package>
  </packages>
</coverage>